 R 63972,5137
 W 63347,5532
 W 63740,4578
 W 63491,4472
 R 64381,5384
 R 64841,6726
 R 64342,4535
 W 63907,4561
 W 63104,3965
 R 63007,4606
 R 63609,5360
 R 64802,3742
 R 64926,5658
 R 63882,5600
 R 64743,3679
 W 63709,4015
 W 63719,6771
 W 64845,5175
 R 63197,3874
 R 63591,4192
 W 64565,5432
 R 64238,4869
 R 63206,4977
 W 64040,3667
 W 63190,3509
 W 64270,4102
 R 64067,4742
 R 64242,3688
 W 63662,6015
 R 64374,4521
 R 64303,4052
 W 63393,6526
 R 64831,6264
 W 64071,6391
 R 63273,6818
 W 64052,4837
 R 63145,6444
 R 64025,4092
 W 63195,5413
 W 64783,3977
 R 64351,6893
 W 64826,4859
 W 64628,6938
 W 64903,4101
 R 64463,3556
 W 63656,3503
 W 63057,4069
 R 64323,3826
 W 63841,4543
 R 64263,5210
 R 31604,43
 R 54996,57
 R 17305,41
 R 3582,60
 W 34182,55
 R 29649,57
 W 31014,47
 R 31378,60
 W 59980,61
 R 61700,33
 W 51569,37
 W 42030,36
 W 5688,64
 W 35316,53
 W 30510,33
 W 25452,42
 R 10248,44
 W 58729,55
 W 47978,47
 R 49714,35
 R 2078,48
 W 48640,63
 W 34069,50
 W 29280,35
 R 39802,45
 R 13603,51
 R 34111,32
 W 36986,37
 W 16819,49
 R 56237,46
 R 35830,46
 R 29912,52
 W 16099,35
 R 61697,43
 W 61808,60
 R 30458,39
 W 52849,41
 R 6134,45
 R 27093,61
 R 55912,53
 R 26664,59
 W 31081,55
 W 60759,40
 R 49351,62
 R 5625,53
 R 62310,62
 R 39639,40
 R 58513,33
 W 2180,50
 R 664,62
 R 68536,1483
 R 66624,1604
 W 69192,2412
 W 65221,3722
 R 68475,4806
 W 68244,4337
 R 68920,1661
 R 67221,2853
 R 68190,3372
 R 67716,531
 W 65183,490
 R 65032,3726
 R 66589,1603
 W 69829,2823
 R 69837,3219
 W 66107,1149
 W 65495,791
 W 69490,3534
 R 66386,3728
 R 68073,992
 R 67379,3213
 W 65931,772
 R 65313,3096
 R 69718,4970
 W 67940,1634
 R 67975,377
 W 69585,3093
 W 65178,4309
 R 65481,4685
 R 67723,16
 R 68487,1715
 R 66825,4763
 W 67066,1744
 R 66456,3125
 R 65918,1765
 R 69051,2633
 R 66692,3752
 W 69400,562
 R 68181,4937
 W 66715,157
 R 68120,3559
 R 69009,3150
 W 65082,4647
 W 66415,1217
 W 67162,2278
 W 69056,3886
 R 66505,824
 R 66127,2656
 R 67016,3398
 R 68137,409
 R 35853,20
 R 5701,3
 R 22677,14
 R 43845,11
 W 63388,24
 W 47717,25
 R 27409,30
 R 12617,8
 W 42164,0
 W 31737,7
 R 20814,11
 R 51023,9
 R 43473,29
 W 16735,22
 R 26845,23
 W 4217,12
 W 57990,6
 W 57273,22
 W 34378,6
 R 24826,19
 W 63275,19
 R 12831,13
 R 10355,4
 W 43082,13
 W 14900,22
 W 29742,16
 R 32859,13
 W 6602,3
 R 41411,27
 R 25895,27
 R 52991,4
 W 38280,6
 W 49158,5
 R 32110,8
 R 60051,16
 R 8493,5
 W 9118,13
 W 38959,4
 W 789,30
 R 22821,23
 W 3378,14
 W 57180,26
 R 16806,29
 R 37253,21
 R 57741,26
 R 1441,2
 R 745,10
 W 64211,31
 W 49341,9
 W 37197,29