 R 3254,3962
 R 1133,3644
 R 7905,128
 R 4757,732
 R 4583,2697
 R 8110,60
 R 162,4905
 R 1650,3935
 R 4374,2683
 R 6074,1199
 R 2845,1370
 R 2375,1143
 R 4236,520
 R 885,6811
 R 19,5084
 R 6370,453
 R 2981,2709
 R 3885,2677
 R 4239,3339
 R 5790,2037
 R 5095,692
 R 4526,3616
 R 4304,2916
 R 7819,302
 R 5689,2263
 R 7764,399
 R 1817,5262
 R 3343,1871
 R 5291,2697
 R 4279,1054
 R 7082,565
 R 5278,510
 R 4171,390
 R 427,6733
 R 3265,830
 R 3025,67
 R 341,6624
 R 5586,586
 R 3240,1308
 R 4980,2567
 R 6997,279
 R 6936,324
 R 3973,941
 R 2870,4552
 R 1529,3674
 R 5650,105
 R 4370,387
 R 5624,563
 R 5329,2054
 R 6484,1021
 R 6314,1545
 R 5993,993
 R 4744,211
 R 6746,167
 R 5268,2032
 R 108,4143
 R 7222,906
 R 1955,1276
 R 995,3162
 R 2783,3440
 R 1809,6245
 R 6012,525
 R 3025,2264
 R 2693,5071
 R 1875,2281
 R 1575,4296
 R 4706,659
 R 4775,619
 R 3782,3272
 R 5976,1232
 R 2793,4657
 R 6676,383
 R 1418,2193
 R 4276,3373
 R 7190,641
 R 3538,638
 R 6761,808
 R 3041,1366
 R 609,2636
 R 4069,183
 R 300,819
 R 2692,3690
 R 3574,2558
 R 5582,556
 R 2115,419
 R 909,2465
 R 3392,1646
 R 6760,265
 R 7854,293
 R 1681,2880
 R 1175,6932
 R 905,897
 R 5377,1711
 R 4084,1979
 R 564,875
 R 6385,1646
 R 1602,4704
 R 1827,6268
 R 4529,2289
 R 5010,540
 R 67,1925
 R 5055,278
 R 6321,503
 R 4061,2154
 R 7703,34
 R 4661,682
 R 979,2144
 R 4839,2158
 R 3137,2751
 R 7068,473
 R 3711,836
 R 4311,600
 R 1357,640
 R 3839,2825
 R 5292,2104
 R 4246,1868
 R 862,4370
 R 3828,1686
 R 2253,3805
 R 2506,1351
 R 1201,6859
 R 2572,1237
 R 983,5008
 R 3055,2257
 R 6452,1330
 R 471,4317
 R 2129,2780
 R 2866,774
 R 4678,2028
 R 5103,3004
 R 6558,485
 R 4020,3945
 R 543,1205
 R 2046,2701
 R 1811,1095
 R 4923,1467
 R 379,1896
 R 4721,2945
 R 4176,1590
 R 5838,978
 R 8084,91
 R 2379,696
 R 6659,551
 R 4089,889
 R 6795,1082
 R 6193,1598
 R 7623,532
 R 3137,2278
 R 5091,921
 R 2382,3894
 R 3756,2607
 R 3045,1103
 R 6052,1792
 R 3284,3784
 R 7026,365
 R 4135,2916
 R 5090,2126
 R 1218,5128
 R 2202,2126
 R 7820,68
 R 7934,254
 R 7892,24
 R 798,5754
 R 6878,684
 R 1865,1897
 R 7308,173
 R 6760,1387
 R 3241,4292
 R 4300,2381
 R 4491,2059
 R 4452,1265
 R 3983,3871
 R 1482,3577
 R 5254,1827
 R 4420,936
 R 940,1853
 R 251,5203
 R 1721,5048
 R 2808,2500
 R 679,3841
 R 3240,1169
 R 3778,1404
 R 8154,28
 R 6861,289
 R 6435,1537
 R 7830,91
 R 2733,2589
 R 2664,904
 R 1785,6050
 R 461,6440
 R 934,1869
 R 359,267
 R 7466,252
 R 4653,99
 R 3327,4227
 R 218,915
 R 7897,184
 R 2864,773
 R 4867,2336
 R 968,2252