 R 78,34
 R 84,16
 R 88,7
 R 42,62
 R 62,41
 R 62,64
 R 104,21
 R 19,88
 R 102,2
 R 118,3
 R 126,0
 R 106,1
 R 105,12
 R 40,72
 R 44,70
 R 31,55
 R 63,15
 R 83,10
 R 93,21
 R 36,51
 R 73,10
 R 63,29
 R 13,5
 R 113,7
 R 38,84
 R 55,9
 R 26,35
 R 98,29
 R 107,7
 R 18,93
 R 27,22
 R 16,32
 R 124,2
 R 25,40
 R 126,1
 R 58,4
 R 0,42
 R 97,15
 R 67,43
 R 84,42
 R 78,2
 R 41,73
 R 62,65
 R 34,15
 R 123,0
 R 69,55
 R 98,27
 R 1,72
 R 52,65
 R 24,21
 R 52,6
 R 14,15
 R 42,33
 R 90,35
 R 62,35
 R 5,120
 R 97,23
 R 14,64
 R 82,33
 R 59,38
 R 121,0
 R 120,1
 R 88,28
 R 87,24
 R 117,3
 R 1,113
 R 110,6
 R 87,4
 R 32,81
 R 38,59
 R 16,69
 R 67,51
 R 68,31
 R 15,48
 R 37,62
 R 57,55
 R 117,9
 R 1,34
 R 53,39
 R 124,0
 R 10,69
 R 20,103
 R 25,45
 R 103,10
 R 51,49
 R 68,51
 R 47,15
 R 120,2
 R 7,81
 R 45,22
 R 60,57
 R 85,33
 R 15,12
 R 83,24
 R 24,46
 R 40,53
 R 76,0
 R 97,13
 R 72,49
 R 23,38
  R 107,13
 R 20,8
 R 47,7
 R 77,15
 R 82,14
 R 4,3
 R 94,13
 R 53,2
 R 65,11
 R 67,16
 R 53,15
 R 34,1
 R 103,15
 R 118,16
 R 105,14
 R 102,8
 R 83,11
 R 90,12
 R 90,7
 R 107,2
 R 6,4
 R 118,16
 R 99,7
 R 90,16
 R 102,6
 R 73,7
 R 15,16
 R 67,1
 R 9,8
 R 70,5
 R 36,3
 R 36,13
 R 1,5
 R 82,1
 R 104,4
 R 42,9
 R 76,5
 R 37,0
 R 25,8
 R 48,15
 R 64,8
 R 122,7
 R 78,7
 R 92,12
 R 127,6
 R 0,7
 R 114,5
 R 23,3
 R 52,8
 R 30,6
 R 110,5
 R 37,8
 R 79,11
 R 113,3
 R 96,10
 R 112,2
 R 62,14
 R 49,2
 R 80,11
 R 40,16
 R 75,2
 R 32,0
 R 39,8
 R 91,9
 R 42,8
 R 10,16
 R 78,3
 R 56,14
 R 5,6
 R 55,9
 R 111,3
 R 8,9
 R 15,15
 R 101,2
 R 99,14
 R 111,16
 R 123,11
 R 75,10
 R 77,9
 R 16,10
 R 97,8
 R 12,8
 R 67,1
 R 66,3
 R 22,6
 R 0,6
 R 109,1
 R 112,3
 R 1,4
 R 42,9
 R 75,15
 R 55,2
 R 81,9
 R 60,15
 R 33,14
 R 31,11
 R 73,2
 R 93,7
 R 100,1
 R 106,8