 W 5394,87
 W 1767,2965
 W 7141,680
 W 7183,790
 W 2500,2974
 W 4925,827
 W 5640,1084
 W 7625,75
 W 3693,819
 W 6575,601
 W 7840,315
 W 1086,4227
 W 210,5507
 W 41,1542
 W 6925,859
 W 7062,442
 W 6828,808
 W 3507,3037
 W 6490,254
 W 7793,310
 W 4121,503
 W 2661,3284
 W 227,5803
 W 3884,2094
 W 5178,1117
 W 1984,6075
 W 4758,2830
 W 4203,1512
 W 7004,394
 W 7845,264
 W 5342,142
 W 3372,2568
 W 4091,4062
 W 3932,2551
 W 5051,565
 W 7265,754
 W 5818,1449
 W 7577,426
 W 6925,352
 W 3414,4070
 W 2913,77
 W 5209,1622
 W 6965,753
 W 5529,1407
 W 2556,3789
 W 5843,867
 W 7321,306
 W 238,2224
 W 5217,2913
 W 4655,3493
 W 6657,669
 W 2970,3873
 W 6002,1830
 W 6561,588
 W 5576,2223
 W 1860,1418
 W 5047,796
 W 7692,270
 W 7736,22
 W 5102,1802
 W 8033,137
 W 5045,2389
 W 7414,383
 W 7948,62
 W 5133,2181
 W 7931,122
 W 1259,4540
 W 3070,4385
 W 5965,792
 W 6988,778
 W 7183,818
 W 3936,4002
 W 2649,3594
 W 3904,1961
 W 3295,2046
 W 5058,2479
 W 1313,4938
 W 3867,1021
 W 6720,918
 W 2395,4227
 W 1633,3309
 W 3238,294
 W 2394,703
 W 6650,403
 W 3523,3985
 W 1883,114
 W 5716,1858
 W 192,2318
 W 3110,2035
 W 970,2443
 W 1315,4392
 W 7187,833
 W 7817,241
 W 7964,148
 W 2726,1869
 W 1982,4818
 W 2363,684
 W 4608,693
 W 6526,464
 W 4101,784
 W 4290,3893
 W 4317,3089
 W 591,7052
 W 3603,2368
 W 3360,2029
 W 3098,2142
 W 2439,2087
 W 5933,1170
 W 6934,757
 W 4727,1869
 W 1198,1246
 W 7,3651
 W 896,1616
 W 4382,3664
 W 7874,276
 W 7283,583
 W 5136,789
 W 5235,553
 W 1444,4237
 W 7346,708
 W 5800,195
 W 1386,5716
 W 6308,406
 W 542,7436
 W 6965,986
 W 3261,2138
 W 1058,6765
 W 743,2171
 W 308,5755
 W 4290,955
 W 5174,1322
 W 5957,2187
 W 3234,1088
 W 5066,2135
 W 6953,186
 W 6741,913
 W 4933,2003
 W 5602,387
 W 1223,5414
 W 4535,3364
 W 7249,421
 W 4652,3040
 W 1550,616
 W 6646,91
 W 1044,750
 W 736,2946
 W 6858,548
 W 7968,216
 W 2058,2057
 W 1818,749
 W 866,2950
 W 1734,6242
 W 3926,2842
 W 5164,1306
 W 7833,336
 W 1293,582
 W 3170,4172
 W 847,5186
 W 4024,635
 W 1995,318
 W 1182,5656
 W 7434,464
 W 2365,5035
 W 1194,243
 W 1489,1089
 W 6363,1460
 W 643,3898
 W 8144,45
 W 1752,1732
 W 7421,532
 W 379,3895
 W 6969,734
 W 4408,3677
 W 7385,747
 W 5307,1064
 W 3979,1917
 W 4248,3284
 W 395,3069
 W 2738,3175
 W 6020,836
 W 4818,2151
 W 7832,323
 W 1797,862
 W 4347,1512
 W 3156,4690
 W 5899,2025
 W 3586,3901
 W 5582,1977
 W 3959,727
 W 191,5095
 W 6809,81
 W 7252,574
 W 2171,3642
 W 7472,521
 W 3843,1075
 W 2579,2684
 W 799,3009
 W 5851,1976
 W 5814,2316
 W 1322,5634