 W 24,87
 W 36,28
 W 45,50
 W 84,4
 W 29,60
 W 114,1
 W 52,48
 W 24,42
 W 23,18
 W 42,51
 W 11,67
 W 58,32
 W 39,25
 W 78,24
 W 20,35
 W 98,17
 W 21,79
 W 7,48
 W 29,32
 W 97,19
 W 107,20
 W 124,0
 W 91,1
 W 92,23
 W 33,27
 W 100,22
 W 111,4
 W 118,0
 W 16,76
 W 51,46
 W 38,45
 W 37,84
 W 88,29
 W 53,51
 W 77,24
 W 77,10
 W 53,3
 W 60,1
 W 75,40
 W 39,65
 W 50,36
 W 67,16
 W 41,63
 W 72,12
 W 104,5
 W 29,40
 W 110,10
 W 12,77
 W 69,52
 W 43,58
 W 113,0
 W 111,0
 W 52,11
 W 18,44
 W 19,75
 W 110,2
 W 37,24
 W 5,61
 W 10,105
 W 126,1
 W 108,3
 W 109,17
 W 52,39
 W 76,38
 W 9,80
 W 13,33
 W 107,2
 W 44,66
 W 124,0
 W 31,34
 W 50,41
 W 14,101
 W 47,70
 W 18,4
 W 113,13
 W 81,22
 W 124,1
 W 113,1
 W 82,19
 W 122,3
 W 78,21
 W 126,1
 W 60,40
 W 17,9
 W 49,31
 W 127,0
 W 124,1
 W 113,0
 W 97,4
 W 92,5
 W 70,1
 W 25,1
 W 45,48
 W 16,70
 W 68,42
 W 120,6
 W 109,6
 W 112,5
 W 57,49
 W 2,60
  W 114,5
 W 116,1
 W 5,1
 W 2,13
 W 100,10
 W 76,11
 W 35,14
 W 109,4
 W 27,13
 W 70,5
 W 14,7
 W 17,15
 W 77,10
 W 104,6
 W 56,10
 W 63,3
 W 89,7
 W 93,11
 W 113,15
 W 109,11
 W 40,5
 W 9,16
 W 89,10
 W 96,5
 W 126,2
 W 113,6
 W 125,12
 W 83,7
 W 2,4
 W 97,2
 W 81,0
 W 21,4
 W 16,16
 W 92,13
 W 29,8
 W 30,4
 W 41,0
 W 87,1
 W 4,3
 W 16,1
 W 67,4
 W 76,10
 W 22,2
 W 28,14
 W 24,8
 W 50,13
 W 93,14
 W 97,8
 W 110,16
 W 34,6
 W 58,9
 W 17,3
 W 105,6
 W 37,10
 W 52,15
 W 100,2
 W 31,12
 W 116,12
 W 38,12
 W 100,6
 W 57,0
 W 78,16
 W 45,6
 W 74,9
 W 125,8
 W 59,1
 W 102,13
 W 12,8
 W 40,7
 W 43,6
 W 106,14
 W 69,5
 W 0,6
 W 59,7
 W 108,9
 W 9,3
 W 48,16
 W 56,8
 W 57,10
 W 4,10
 W 20,10
 W 125,0
 W 123,10
 W 59,12
 W 33,11
 W 67,1
 W 36,14
 W 112,15
 W 64,12
 W 56,0
 W 91,5
 W 26,8
 W 33,14
 W 107,6
 W 6,13
 W 105,6
 W 75,4
 W 101,6
 W 44,3
 W 127,4